/usr/local/bin/quast.py --output-dir sample_09 --threads 6 sample_09.assembly.fasta

Version: 5.2.0

System information:
  OS: Linux-6.11.0-24-generic-x86_64-with-glibc2.28 (linux_64)
  Python version: 3.9.13
  CPUs number: 96

Started: 2025-05-04 19:48:31

Logging to /mnt/projects/MetaAMR-PLUS/MetaAMR/work/fa/03c524aa76269dd79b85e79f223756/sample_09/quast.log

CWD: /mnt/projects/MetaAMR-PLUS/MetaAMR/work/fa/03c524aa76269dd79b85e79f223756
Main parameters: 
  MODE: default, threads: 6, min contig length: 500, min alignment length: 65, min alignment IDY: 95.0, \
  ambiguity: one, min local misassembly length: 200, min extensive misassembly length: 1000

Contigs:
  Pre-processing...
  sample_09.assembly.fasta ==> sample_09.assembly

2025-05-04 19:48:32
Running Basic statistics processor...
  Contig files: 
    sample_09.assembly
  Calculating N50 and L50...
    sample_09.assembly, N50 = 22360, L50 = 225, auN = 31929.4, Total length = 18321459, GC % = 45.24, # N's per 100 kbp =  0.00
  Drawing Nx plot...
    saved to /mnt/projects/MetaAMR-PLUS/MetaAMR/work/fa/03c524aa76269dd79b85e79f223756/sample_09/basic_stats/Nx_plot.pdf
  Drawing cumulative plot...
    saved to /mnt/projects/MetaAMR-PLUS/MetaAMR/work/fa/03c524aa76269dd79b85e79f223756/sample_09/basic_stats/cumulative_plot.pdf
  Drawing GC content plot...
    saved to /mnt/projects/MetaAMR-PLUS/MetaAMR/work/fa/03c524aa76269dd79b85e79f223756/sample_09/basic_stats/GC_content_plot.pdf
  Drawing sample_09.assembly GC content plot...
    saved to /mnt/projects/MetaAMR-PLUS/MetaAMR/work/fa/03c524aa76269dd79b85e79f223756/sample_09/basic_stats/sample_09.assembly_GC_content_plot.pdf
Done.

NOTICE: Genes are not predicted by default. Use --gene-finding or --glimmer option to enable it.

2025-05-04 19:48:33
Creating large visual summaries...
This may take a while: press Ctrl-C to skip this step..
  1 of 2: Creating PDF with all tables and plots...
  2 of 2: Creating Icarus viewers...
Done

2025-05-04 19:48:34
RESULTS:
  Text versions of total report are saved to /mnt/projects/MetaAMR-PLUS/MetaAMR/work/fa/03c524aa76269dd79b85e79f223756/sample_09/report.txt, report.tsv, and report.tex
  Text versions of transposed total report are saved to /mnt/projects/MetaAMR-PLUS/MetaAMR/work/fa/03c524aa76269dd79b85e79f223756/sample_09/transposed_report.txt, transposed_report.tsv, and transposed_report.tex
  HTML version (interactive tables and plots) is saved to /mnt/projects/MetaAMR-PLUS/MetaAMR/work/fa/03c524aa76269dd79b85e79f223756/sample_09/report.html
  PDF version (tables and plots) is saved to /mnt/projects/MetaAMR-PLUS/MetaAMR/work/fa/03c524aa76269dd79b85e79f223756/sample_09/report.pdf
  Icarus (contig browser) is saved to /mnt/projects/MetaAMR-PLUS/MetaAMR/work/fa/03c524aa76269dd79b85e79f223756/sample_09/icarus.html
  Log is saved to /mnt/projects/MetaAMR-PLUS/MetaAMR/work/fa/03c524aa76269dd79b85e79f223756/sample_09/quast.log

Finished: 2025-05-04 19:48:34
Elapsed time: 0:00:02.955904
NOTICEs: 1; WARNINGs: 0; non-fatal ERRORs: 0

Thank you for using QUAST!
